<?xml version="1.0" encoding="UTF-8"?>
<testng-results ignored="0" total="1" passed="1" failed="0" skipped="0">
  <reporter-output>
  </reporter-output>
  <suite started-at="2022-05-26T11:21:51 IST" name="RWP_KEISUKE" finished-at="2022-05-26T11:21:53 IST" duration-ms="2131">
    <groups>
    </groups>
    <test started-at="2022-05-26T11:21:51 IST" name="KEISUKE_WEB_AUTOMATION" finished-at="2022-05-26T11:21:53 IST" duration-ms="2131">
      <class name="TC_001_GET_request">
        <test-method signature="get_Good_Categories()[pri:0, instance:TC_001_GET_request@69930714]" started-at="2022-05-26T11:21:51 IST" name="get_Good_Categories" finished-at="2022-05-26T11:21:53 IST" duration-ms="2095" status="PASS">
          <reporter-output>
          </reporter-output>
        </test-method> <!-- get_Good_Categories -->
      </class> <!-- TC_001_GET_request -->
    </test> <!-- KEISUKE_WEB_AUTOMATION -->
  </suite> <!-- RWP_KEISUKE -->
</testng-results>
